<?xml version="1.0" encoding="UTF-8"?>
<coverage generated="1699303224136" clover="3.2.0">
  <project timestamp="1699303224136" name="All files">
    <metrics statements="31" coveredstatements="16" conditionals="6" coveredconditionals="2" methods="4" coveredmethods="2" elements="41" coveredelements="20" complexity="0" loc="31" ncloc="31" packages="1" files="2" classes="2"/>
    <file name="GoogleUtils.ts" path="/Users/ltomaszewski/Documents/workspace/JS/TradingV2/ContentFetcher/src/application/helpers/GoogleUtils.ts">
      <metrics statements="10" coveredstatements="8" conditionals="3" coveredconditionals="1" methods="1" coveredmethods="1"/>
      <line num="1" count="1" type="stmt"/>
      <line num="3" count="1" type="stmt"/>
      <line num="4" count="1" type="stmt"/>
      <line num="5" count="1" type="cond" truecount="0" falsecount="1"/>
      <line num="6" count="0" type="stmt"/>
      <line num="9" count="1" type="stmt"/>
      <line num="10" count="1" type="stmt"/>
      <line num="11" count="1" type="cond" truecount="1" falsecount="1"/>
      <line num="12" count="1" type="stmt"/>
      <line num="14" count="0" type="stmt"/>
    </file>
    <file name="WebSiteDataExtracter.ts" path="/Users/ltomaszewski/Documents/workspace/JS/TradingV2/ContentFetcher/src/application/helpers/WebSiteDataExtracter.ts">
      <metrics statements="21" coveredstatements="8" conditionals="3" coveredconditionals="1" methods="3" coveredmethods="1"/>
      <line num="1" count="1" type="stmt"/>
      <line num="3" count="1" type="stmt"/>
      <line num="4" count="1" type="stmt"/>
      <line num="10" count="1" type="stmt"/>
      <line num="11" count="1" type="stmt"/>
      <line num="13" count="1" type="stmt"/>
      <line num="15" count="1" type="cond" truecount="1" falsecount="1"/>
      <line num="17" count="1" type="stmt"/>
      <line num="18" count="0" type="stmt"/>
      <line num="19" count="0" type="stmt"/>
      <line num="21" count="0" type="stmt"/>
      <line num="22" count="0" type="stmt"/>
      <line num="25" count="0" type="cond" truecount="0" falsecount="1"/>
      <line num="26" count="0" type="stmt"/>
      <line num="29" count="0" type="stmt"/>
      <line num="32" count="0" type="stmt"/>
      <line num="37" count="0" type="stmt"/>
      <line num="40" count="0" type="stmt"/>
      <line num="43" count="0" type="stmt"/>
      <line num="46" count="0" type="stmt"/>
      <line num="48" count="0" type="stmt"/>
    </file>
  </project>
</coverage>
