{"/Users/ltomaszewski/Documents/workspace/JS/TradingV2/ContentFetcher/src/application/helpers/GoogleUtils.ts": {"path":"/Users/ltomaszewski/Documents/workspace/JS/TradingV2/ContentFetcher/src/application/helpers/GoogleUtils.ts","statementMap":{"0":{"start":{"line":1,"column":0},"end":{"line":1,"column":31}},"1":{"start":{"line":4,"column":21},"end":{"line":4,"column":41}},"2":{"start":{"line":5,"column":4},"end":{"line":7,"column":null}},"3":{"start":{"line":6,"column":8},"end":{"line":6,"column":45}},"4":{"start":{"line":9,"column":14},"end":{"line":9,"column":41}},"5":{"start":{"line":10,"column":19},"end":{"line":10,"column":54}},"6":{"start":{"line":11,"column":4},"end":{"line":15,"column":null}},"7":{"start":{"line":12,"column":8},"end":{"line":12,"column":22}},"8":{"start":{"line":14,"column":8},"end":{"line":14,"column":41}},"9":{"start":{"line":3,"column":0},"end":{"line":3,"column":7}}},"fnMap":{"0":{"name":"getGoogleNewsArticleUrl","decl":{"start":{"line":3,"column":22},"end":{"line":3,"column":45}},"loc":{"start":{"line":3,"column":61},"end":{"line":16,"column":1}}}},"branchMap":{"0":{"loc":{"start":{"line":5,"column":4},"end":{"line":7,"column":null}},"type":"if","locations":[{"start":{"line":5,"column":4},"end":{"line":7,"column":null}}]},"1":{"loc":{"start":{"line":11,"column":4},"end":{"line":15,"column":null}},"type":"if","locations":[{"start":{"line":11,"column":4},"end":{"line":15,"column":null}},{"start":{"line":13,"column":11},"end":{"line":15,"column":null}}]}},"s":{"0":1,"1":1,"2":1,"3":0,"4":1,"5":1,"6":1,"7":1,"8":0,"9":1},"f":{"0":1},"b":{"0":[0],"1":[1,0]}}
,"/Users/ltomaszewski/Documents/workspace/JS/TradingV2/ContentFetcher/src/application/helpers/WebSiteDataExtracter.ts": {"path":"/Users/ltomaszewski/Documents/workspace/JS/TradingV2/ContentFetcher/src/application/helpers/WebSiteDataExtracter.ts","statementMap":{"0":{"start":{"line":1,"column":0},"end":{"line":1,"column":34}},"1":{"start":{"line":4,"column":20},"end":{"line":9,"column":6}},"2":{"start":{"line":10,"column":17},"end":{"line":10,"column":40}},"3":{"start":{"line":11,"column":4},"end":{"line":11,"column":null}},"4":{"start":{"line":13,"column":28},"end":{"line":13,"column":48}},"5":{"start":{"line":15,"column":4},"end":{"line":30,"column":null}},"6":{"start":{"line":17,"column":26},"end":{"line":23,"column":30}},"7":{"start":{"line":18,"column":12},"end":{"line":18,"column":91}},"8":{"start":{"line":18,"column":75},"end":{"line":18,"column":91}},"9":{"start":{"line":19,"column":12},"end":{"line":19,"column":90}},"10":{"start":{"line":19,"column":74},"end":{"line":19,"column":90}},"11":{"start":{"line":21,"column":32},"end":{"line":21,"column":54}},"12":{"start":{"line":22,"column":12},"end":{"line":22,"column":41}},"13":{"start":{"line":25,"column":8},"end":{"line":27,"column":null}},"14":{"start":{"line":26,"column":12},"end":{"line":26,"column":null}},"15":{"start":{"line":29,"column":8},"end":{"line":29,"column":null}},"16":{"start":{"line":32,"column":4},"end":{"line":32,"column":26}},"17":{"start":{"line":3,"column":0},"end":{"line":3,"column":7}},"18":{"start":{"line":37,"column":30},"end":{"line":37,"column":108}},"19":{"start":{"line":40,"column":24},"end":{"line":40,"column":65}},"20":{"start":{"line":43,"column":28},"end":{"line":43,"column":79}},"21":{"start":{"line":46,"column":40},"end":{"line":46,"column":76}},"22":{"start":{"line":48,"column":4},"end":{"line":48,"column":46}}},"fnMap":{"0":{"name":"extractDataFromURLViaPuppeteer","decl":{"start":{"line":3,"column":22},"end":{"line":3,"column":52}},"loc":{"start":{"line":3,"column":79},"end":{"line":33,"column":1}}},"1":{"name":"(anonymous_2)","decl":{"start":{"line":17,"column":46},"end":{"line":17,"column":47}},"loc":{"start":{"line":17,"column":58},"end":{"line":23,"column":9}}},"2":{"name":"removeJavaScriptHTMLAndWhitespace","decl":{"start":{"line":35,"column":9},"end":{"line":35,"column":42}},"loc":{"start":{"line":35,"column":62},"end":{"line":49,"column":1}}}},"branchMap":{"0":{"loc":{"start":{"line":15,"column":4},"end":{"line":30,"column":null}},"type":"if","locations":[{"start":{"line":15,"column":4},"end":{"line":30,"column":null}},{"start":{"line":28,"column":11},"end":{"line":30,"column":null}}]},"1":{"loc":{"start":{"line":25,"column":8},"end":{"line":27,"column":null}},"type":"if","locations":[{"start":{"line":25,"column":8},"end":{"line":27,"column":null}}]}},"s":{"0":1,"1":1,"2":1,"3":1,"4":1,"5":1,"6":1,"7":0,"8":0,"9":0,"10":0,"11":0,"12":0,"13":0,"14":0,"15":0,"16":0,"17":1,"18":0,"19":0,"20":0,"21":0,"22":0},"f":{"0":1,"1":0,"2":0},"b":{"0":[1,0],"1":[0]}}
}
