TN:
SF:src/application/helpers/GoogleUtils.ts
FN:3,getGoogleNewsArticleUrl
FNF:1
FNH:1
FNDA:1,getGoogleNewsArticleUrl
DA:1,1
DA:3,1
DA:4,1
DA:5,1
DA:6,0
DA:9,1
DA:10,1
DA:11,1
DA:12,1
DA:14,0
LF:10
LH:8
BRDA:5,0,0,0
BRDA:11,1,0,1
BRDA:11,1,1,0
BRF:3
BRH:1
end_of_record
TN:
SF:src/application/helpers/WebSiteDataExtracter.ts
FN:3,extractDataFromURLViaPuppeteer
FN:17,(anonymous_2)
FN:35,removeJavaScriptHTMLAndWhitespace
FNF:3
FNH:1
FNDA:1,extractDataFromURLViaPuppeteer
FNDA:0,(anonymous_2)
FNDA:0,removeJavaScriptHTMLAndWhitespace
DA:1,1
DA:3,1
DA:4,1
DA:10,1
DA:11,1
DA:13,1
DA:15,1
DA:17,1
DA:18,0
DA:19,0
DA:21,0
DA:22,0
DA:25,0
DA:26,0
DA:29,0
DA:32,0
DA:37,0
DA:40,0
DA:43,0
DA:46,0
DA:48,0
LF:21
LH:8
BRDA:15,0,0,1
BRDA:15,0,1,0
BRDA:25,1,0,0
BRF:3
BRH:1
end_of_record
